<?xml version="1.0" encoding="UTF-8"?>
<testng-results skipped="0" failed="0" ignored="0" total="2" passed="2">
  <reporter-output>
  </reporter-output>
  <suite name="Suite" duration-ms="21597" started-at="2021-04-05T08:04:26Z" finished-at="2021-04-05T08:04:47Z">
    <groups>
    </groups>
    <test name="Test" duration-ms="21597" started-at="2021-04-05T08:04:26Z" finished-at="2021-04-05T08:04:47Z">
      <class name="testng.Class1">
        <test-method status="PASS" signature="testone(java.lang.String, java.lang.String)[pri:0, instance:testng.Class1@18be83e4]" name="testone" duration-ms="14475" started-at="2021-04-05T08:04:26Z" data-provider="pasdata" finished-at="2021-04-05T08:04:40Z">
          <params>
            <param index="0">
              <value>
                <![CDATA[abi]]>
              </value>
            </param>
            <param index="1">
              <value>
                <![CDATA[abipass123]]>
              </value>
            </param>
          </params>
          <reporter-output>
          </reporter-output>
        </test-method> <!-- testone -->
        <test-method status="PASS" signature="testone(java.lang.String, java.lang.String)[pri:0, instance:testng.Class1@18be83e4]" name="testone" duration-ms="7086" started-at="2021-04-05T08:04:40Z" data-provider="pasdata" finished-at="2021-04-05T08:04:47Z">
          <params>
            <param index="0">
              <value>
                <![CDATA[api]]>
              </value>
            </param>
            <param index="1">
              <value>
                <![CDATA[apipass123]]>
              </value>
            </param>
          </params>
          <reporter-output>
          </reporter-output>
        </test-method> <!-- testone -->
      </class> <!-- testng.Class1 -->
    </test> <!-- Test -->
  </suite> <!-- Suite -->
</testng-results>
